Performing C SOURCE FILE Test CMAKE_HAVE_LIBC_PTHREAD failed with the following output:
Change Dir: /home/anonymus-raccoon/Projects/Bomberman/build/CMakeFiles/CMakeTmp

Run Build Command(s):/usr/bin/make -f Makefile cmTC_1334e/fast && /usr/bin/make  -f CMakeFiles/cmTC_1334e.dir/build.make CMakeFiles/cmTC_1334e.dir/build
make[1]: Entering directory '/home/anonymus-raccoon/Projects/Bomberman/build/CMakeFiles/CMakeTmp'
Building C object CMakeFiles/cmTC_1334e.dir/src.c.o
/usr/bin/cc -DCMAKE_HAVE_LIBC_PTHREAD  -fno-strict-aliasing -Werror=implicit-function-declaration -Werror=pointer-arith   -o CMakeFiles/cmTC_1334e.dir/src.c.o -c /home/anonymus-raccoon/Projects/Bomberman/build/CMakeFiles/CMakeTmp/src.c
Linking C executable cmTC_1334e
/usr/bin/cmake -E cmake_link_script CMakeFiles/cmTC_1334e.dir/link.txt --verbose=1
/usr/bin/cc -fno-strict-aliasing -Werror=implicit-function-declaration -Werror=pointer-arith   -rdynamic CMakeFiles/cmTC_1334e.dir/src.c.o -o cmTC_1334e 
/usr/bin/ld: CMakeFiles/cmTC_1334e.dir/src.c.o: in function `main':
src.c:(.text+0x3e): undefined reference to `pthread_create'
/usr/bin/ld: src.c:(.text+0x4a): undefined reference to `pthread_detach'
/usr/bin/ld: src.c:(.text+0x56): undefined reference to `pthread_cancel'
/usr/bin/ld: src.c:(.text+0x67): undefined reference to `pthread_join'
collect2: error: ld returned 1 exit status
make[1]: *** [CMakeFiles/cmTC_1334e.dir/build.make:99: cmTC_1334e] Error 1
make[1]: Leaving directory '/home/anonymus-raccoon/Projects/Bomberman/build/CMakeFiles/CMakeTmp'
make: *** [Makefile:127: cmTC_1334e/fast] Error 2


Source file was:
#include <pthread.h>

static void* test_func(void* data)
{
  return data;
}

int main(void)
{
  pthread_t thread;
  pthread_create(&thread, NULL, test_func, NULL);
  pthread_detach(thread);
  pthread_cancel(thread);
  pthread_join(thread, NULL);
  pthread_atfork(NULL, NULL, NULL);
  pthread_exit(NULL);

  return 0;
}

Determining if the function pthread_create exists in the pthreads failed with the following output:
Change Dir: /home/anonymus-raccoon/Projects/Bomberman/build/CMakeFiles/CMakeTmp

Run Build Command(s):/usr/bin/make -f Makefile cmTC_12f06/fast && /usr/bin/make  -f CMakeFiles/cmTC_12f06.dir/build.make CMakeFiles/cmTC_12f06.dir/build
make[1]: Entering directory '/home/anonymus-raccoon/Projects/Bomberman/build/CMakeFiles/CMakeTmp'
Building C object CMakeFiles/cmTC_12f06.dir/CheckFunctionExists.c.o
/usr/bin/cc   -fno-strict-aliasing -Werror=implicit-function-declaration -Werror=pointer-arith  -DCHECK_FUNCTION_EXISTS=pthread_create -std=gnu99 -o CMakeFiles/cmTC_12f06.dir/CheckFunctionExists.c.o -c /usr/share/cmake-3.20/Modules/CheckFunctionExists.c
Linking C executable cmTC_12f06
/usr/bin/cmake -E cmake_link_script CMakeFiles/cmTC_12f06.dir/link.txt --verbose=1
/usr/bin/cc -fno-strict-aliasing -Werror=implicit-function-declaration -Werror=pointer-arith  -DCHECK_FUNCTION_EXISTS=pthread_create CMakeFiles/cmTC_12f06.dir/CheckFunctionExists.c.o -o cmTC_12f06  -lpthreads 
/usr/bin/ld: cannot find -lpthreads
collect2: error: ld returned 1 exit status
make[1]: *** [CMakeFiles/cmTC_12f06.dir/build.make:99: cmTC_12f06] Error 1
make[1]: Leaving directory '/home/anonymus-raccoon/Projects/Bomberman/build/CMakeFiles/CMakeTmp'
make: *** [Makefile:127: cmTC_12f06/fast] Error 2



